***********************************************************************
*
*	DYNAMIC LINK AND INDIRECT ALLOCATION LISTING FOR: ESTADIO
*
***********************************************************************


***************************************************
	 FIRST CODE AREA
***************************************************

***************************************************
	 DATABLOCK PATCHES
***************************************************
*
* List of data blocks that will be checked run-time for consistency with
* their definition available at compile-time
*
*
*	REQUIREMENTS for DATA BLOCK %Q1
*		Process image: 0
*		Number of elements: 7
*		Data size (bytes): 1
0000	00 02 01 00 07 00 00 00 01 00 00 00 

*
*	REQUIREMENTS for DATA BLOCK %Q0
*		Process image: 0
*		Number of elements: 4
*		Data size (bytes): 1
000C	00 02 00 00 04 00 00 00 01 00 00 00 

*
*	REQUIREMENTS for DATA BLOCK %I0
*		Process image: 0
*		Number of elements: 8
*		Data size (bytes): 2
0018	00 01 00 00 08 00 00 00 02 00 00 00 

*
* List of all references to data allocated on data blocks
* along with the whole information required by the run-time linker
*
*
*	1 REFERENCE(S) TO 8-BIT VAR AT BYTE #0 OF DATA BLOCK %Q1
0000	00 00 01 00 00 00 00 00 02 01 01 00 

*		Instruction type: 0x00
*		Code offset: 0x000004CC
000C	CC 04 00 00 

*
*	1 REFERENCE(S) TO 8-BIT VAR AT BYTE #0 OF DATA BLOCK %I0
0010	00 00 00 00 00 00 00 00 01 01 01 00 

*		Instruction type: 0x00
*		Code offset: 0x000004E0
001C	E0 04 00 00 

*
*	1 REFERENCE(S) TO 8-BIT VAR AT BYTE #3 OF DATA BLOCK %Q1
0020	00 00 01 00 03 00 00 00 02 01 01 00 

*		Instruction type: 0x00
*		Code offset: 0x000004D8
002C	D8 04 00 00 

*
*	1 REFERENCE(S) TO 8-BIT VAR AT BYTE #6 OF DATA BLOCK %Q1
0030	00 00 01 00 06 00 00 00 02 01 01 00 

*		Instruction type: 0x00
*		Code offset: 0x000004DC
003C	DC 04 00 00 

*
*	1 REFERENCE(S) TO 8-BIT VAR AT BYTE #2 OF DATA BLOCK %Q0
0040	00 00 00 00 02 00 00 00 02 01 01 00 

*		Instruction type: 0x00
*		Code offset: 0x000004EC
004C	EC 04 00 00 

*
*	1 REFERENCE(S) TO 8-BIT VAR AT BYTE #1 OF DATA BLOCK %Q0
0050	00 00 00 00 01 00 00 00 02 01 01 00 

*		Instruction type: 0x00
*		Code offset: 0x000004E8
005C	E8 04 00 00 

*
*	1 REFERENCE(S) TO 8-BIT VAR AT BYTE #2 OF DATA BLOCK %Q1
0060	00 00 01 00 02 00 00 00 02 01 01 00 

*		Instruction type: 0x00
*		Code offset: 0x000004D4
006C	D4 04 00 00 

*
*	1 REFERENCE(S) TO 8-BIT VAR AT BYTE #1 OF DATA BLOCK %Q1
0070	00 00 01 00 01 00 00 00 02 01 01 00 

*		Instruction type: 0x00
*		Code offset: 0x000004D0
007C	D0 04 00 00 

*
*	1 REFERENCE(S) TO 8-BIT VAR AT BYTE #3 OF DATA BLOCK %Q0
0080	00 00 00 00 03 00 00 00 02 01 01 00 

*		Instruction type: 0x00
*		Code offset: 0x000004F0
008C	F0 04 00 00 

*
*	1 REFERENCE(S) TO 8-BIT VAR AT BYTE #0 OF DATA BLOCK %Q0
0090	00 00 00 00 00 00 00 00 02 01 01 00 

*		Instruction type: 0x00
*		Code offset: 0x000004E4
009C	E4 04 00 00 


***************************************************
	 FUNCTION PATCHES
***************************************************

NAME: sysCfgAnalogRes  - NUM: 1
	 Patch - TYPE: 0x0 - CODE OFFSET: 0x000002FC

NAME: sysCfgProgInput  - NUM: 1
	 Patch - TYPE: 0x0 - CODE OFFSET: 0x00000300

NAME: sysDBase_SetExtTable  - NUM: 1
	 Patch - TYPE: 0x0 - CODE OFFSET: 0x00000230
